Flow report for project_system
Sun Nov 26 16:11:55 2023
Quartus Prime Version 16.1.0 Build 196 10/24/2016 SJ Lite Edition


---------------------
; Table of Contents ;
---------------------
  1. Legal Notice
  2. Flow Summary
  3. Flow Settings
  4. Flow Non-Default Global Settings
  5. Flow Elapsed Time
  6. Flow OS Summary
  7. Flow Log
  8. Flow Messages
  9. Flow Suppressed Messages



----------------
; Legal Notice ;
----------------
Copyright (C) 2016  Intel Corporation. All rights reserved.
Your use of Intel Corporation's design tools, logic functions 
and other software and tools, and its AMPP partner logic 
functions, and any output files from any of the foregoing 
(including device programming or simulation files), and any 
associated documentation or information are expressly subject 
to the terms and conditions of the Intel Program License 
Subscription Agreement, the Intel Quartus Prime License Agreement,
the Intel MegaCore Function License Agreement, or other 
applicable license agreement, including, without limitation, 
that your use is for the sole purpose of programming logic 
devices manufactured by Intel and sold by Intel or its 
authorized distributors.  Please refer to the applicable 
agreement for further details.



+----------------------------------------------------------------------------------+
; Flow Summary                                                                     ;
+------------------------------------+---------------------------------------------+
; Flow Status                        ; Successful - Sun Nov 26 16:11:50 2023       ;
; Quartus Prime Version              ; 16.1.0 Build 196 10/24/2016 SJ Lite Edition ;
; Revision Name                      ; project_system                              ;
; Top-level Entity Name              ; project_system                              ;
; Family                             ; Cyclone IV E                                ;
; Device                             ; EP4CE115F29C7                               ;
; Timing Models                      ; Final                                       ;
; Total logic elements               ; 10,571 / 114,480 ( 9 % )                    ;
;     Total combinational functions  ; 9,477 / 114,480 ( 8 % )                     ;
;     Dedicated logic registers      ; 6,081 / 114,480 ( 5 % )                     ;
; Total registers                    ; 6200                                        ;
; Total pins                         ; 269 / 529 ( 51 % )                          ;
; Total virtual pins                 ; 0                                           ;
; Total memory bits                  ; 73,216 / 3,981,312 ( 2 % )                  ;
; Embedded Multiplier 9-bit elements ; 8 / 532 ( 2 % )                             ;
; Total PLLs                         ; 2 / 4 ( 50 % )                              ;
+------------------------------------+---------------------------------------------+


+-----------------------------------------+
; Flow Settings                           ;
+-------------------+---------------------+
; Option            ; Setting             ;
+-------------------+---------------------+
; Start date & time ; 11/26/2023 16:09:09 ;
; Main task         ; Compilation         ;
; Revision Name     ; project_system      ;
+-------------------+---------------------+


+------------------------------------------------------------------------------------------------------------------------------------------------------------+
; Flow Non-Default Global Settings                                                                                                                           ;
+-------------------------------------+---------------------------------------------------------------------+---------------+-------------------+------------+
; Assignment Name                     ; Value                                                               ; Default Value ; Entity Name       ; Section Id ;
+-------------------------------------+---------------------------------------------------------------------+---------------+-------------------+------------+
; COMPILER_SIGNATURE_ID               ; 185410939764197.170104374914392                                     ; --            ; --                ; --         ;
; MAX_CORE_JUNCTION_TEMP              ; 85                                                                  ; --            ; --                ; --         ;
; MIN_CORE_JUNCTION_TEMP              ; 0                                                                   ; --            ; --                ; --         ;
; MISC_FILE                           ; projectSystemQsys/synthesis/../projectSystemQsys.cmp                ; --            ; --                ; --         ;
; MISC_FILE                           ; projectSystemQsys/synthesis/../../projectSystemQsys.qsys            ; --            ; --                ; --         ;
; NOMINAL_CORE_SUPPLY_VOLTAGE         ; 1.2V                                                                ; --            ; --                ; --         ;
; PARTITION_COLOR                     ; -- (Not supported for targeted family)                              ; --            ; DE2_115_Computer  ; Top        ;
; PARTITION_COLOR                     ; -- (Not supported for targeted family)                              ; --            ; --                ; Top        ;
; PARTITION_FITTER_PRESERVATION_LEVEL ; -- (Not supported for targeted family)                              ; --            ; DE2_115_Computer  ; Top        ;
; PARTITION_FITTER_PRESERVATION_LEVEL ; -- (Not supported for targeted family)                              ; --            ; --                ; Top        ;
; PARTITION_NETLIST_TYPE              ; -- (Not supported for targeted family)                              ; --            ; DE2_115_Computer  ; Top        ;
; PARTITION_NETLIST_TYPE              ; -- (Not supported for targeted family)                              ; --            ; --                ; Top        ;
; POWER_BOARD_THERMAL_MODEL           ; None (CONSERVATIVE)                                                 ; --            ; --                ; --         ;
; POWER_PRESET_COOLING_SOLUTION       ; 23 MM HEAT SINK WITH 200 LFPM AIRFLOW                               ; --            ; --                ; --         ;
; PROJECT_OUTPUT_DIRECTORY            ; output_files                                                        ; --            ; --                ; --         ;
; SLD_FILE                            ; projectSystemQsys/synthesis/projectSystemQsys.regmap                ; --            ; --                ; --         ;
; SLD_FILE                            ; projectSystemQsys/synthesis/projectSystemQsys.debuginfo             ; --            ; --                ; --         ;
; SLD_INFO                            ; QSYS_NAME projectSystemQsys HAS_SOPCINFO 1 GENERATION_ID 1701042690 ; --            ; projectSystemQsys ; --         ;
; SOPCINFO_FILE                       ; projectSystemQsys/synthesis/../../projectSystemQsys.sopcinfo        ; --            ; --                ; --         ;
; SYNTHESIS_ONLY_QIP                  ; On                                                                  ; --            ; --                ; --         ;
+-------------------------------------+---------------------------------------------------------------------+---------------+-------------------+------------+


+-------------------------------------------------------------------------------------------------------------------------------+
; Flow Elapsed Time                                                                                                             ;
+---------------------------+--------------+-------------------------+---------------------+------------------------------------+
; Module Name               ; Elapsed Time ; Average Processors Used ; Peak Virtual Memory ; Total CPU Time (on all processors) ;
+---------------------------+--------------+-------------------------+---------------------+------------------------------------+
; Analysis & Synthesis      ; 00:02:03     ; 1.0                     ; 5211 MB             ; 00:01:20                           ;
; Fitter                    ; 00:00:27     ; 1.2                     ; 6478 MB             ; 00:00:29                           ;
; Assembler                 ; 00:00:03     ; 1.0                     ; 4732 MB             ; 00:00:03                           ;
; TimeQuest Timing Analyzer ; 00:00:04     ; 1.6                     ; 5057 MB             ; 00:00:04                           ;
; Total                     ; 00:02:37     ; --                      ; --                  ; 00:01:56                           ;
+---------------------------+--------------+-------------------------+---------------------+------------------------------------+


+-----------------------------------------------------------------------------------------+
; Flow OS Summary                                                                         ;
+---------------------------+------------------+------------+------------+----------------+
; Module Name               ; Machine Hostname ; OS Name    ; OS Version ; Processor type ;
+---------------------------+------------------+------------+------------+----------------+
; Analysis & Synthesis      ; DESKTOP-FVGEGKJ  ; Windows 10 ; 10.0       ; x86_64         ;
; Fitter                    ; DESKTOP-FVGEGKJ  ; Windows 10 ; 10.0       ; x86_64         ;
; Assembler                 ; DESKTOP-FVGEGKJ  ; Windows 10 ; 10.0       ; x86_64         ;
; TimeQuest Timing Analyzer ; DESKTOP-FVGEGKJ  ; Windows 10 ; 10.0       ; x86_64         ;
+---------------------------+------------------+------------+------------+----------------+


------------
; Flow Log ;
------------
quartus_map --read_settings_files=on --write_settings_files=off project_system -c project_system
quartus_fit --read_settings_files=off --write_settings_files=off project_system -c project_system
quartus_asm --read_settings_files=off --write_settings_files=off project_system -c project_system
quartus_sta project_system -c project_system



